EMGA-TCND-7699-PYSY-FEYS-3262-KY , uploaded , 2018-03-28 02:45:06\r\n
ENDA-EOJS-3973-YLGI-SIVJ-9693-AR , uploaded , 2018-03-28 02:45:07\r\n
ENSN-JHVV-2671-NXJO-KHDS-7291-AC , uploaded , 2018-03-28 02:45:07\r\n
ENSV-SNKC-2467-RKMU-PMLO-7612-GR , uploaded , 2018-03-28 02:45:08\r\n
EPHK-BMXM-1176-FJZA-GUKR-8736-UH , uploaded , 2018-03-28 02:45:08\r\n
EQPV-JFBY-8211-MGRA-YEOD-1717-CY , uploaded , 2018-03-28 02:45:09\r\n
ESBP-VSBX-8216-IEOM-MZTM-7372-MP , uploaded , 2018-03-28 02:45:09\r\n
ESHG-VOPV-6788-UNZL-GFJI-7878-XA , uploaded , 2018-03-28 02:45:10\r\n
ESXR-VNEU-8187-GUOZ-LURM-3993-HZ , uploaded , 2018-03-28 02:45:10\r\n
ETLO-XORA-1963-KVXV-OZRR-7136-SZ , uploaded , 2018-03-28 02:45:11\r\n
ETMF-LUDQ-9838-SOIQ-EZZK-9332-QY , uploaded , 2018-03-28 02:45:11\r\n
EVQE-PNVJ-6291-TGTO-EZTC-1142-IS , uploaded , 2018-03-28 02:45:12\r\n
EXUL-KFIM-7217-DNGD-TRRB-7123-BV , uploaded , 2018-03-28 02:45:12\r\n
EYFB-JXJJ-7743-DQZZ-KSQE-8481-PD , uploaded , 2018-03-28 02:45:13\r\n
EYZD-IIUL-8664-VLXP-DSFP-4619-BL , uploaded , 2018-03-28 02:45:13\r\n
FENP-MGKA-8266-TCHF-TUJT-2217-FE , uploaded , 2018-03-28 02:45:14\r\n
FEPE-GLNI-8622-DMPG-CKHT-1614-OT , uploaded , 2018-03-28 02:45:15\r\n
FFBH-YQHI-8717-HXRB-STYM-2777-DC , uploaded , 2018-03-28 02:45:15\r\n
FFFP-XBTJ-2473-UMEH-IPSH-1317-TS , uploaded , 2018-03-28 02:45:16\r\n
FFMK-SZHF-6127-PNVJ-VNCH-6467-VD , uploaded , 2018-03-28 02:45:16\r\n
FGUQ-PLGE-6329-UBXF-FNDT-8938-SY , uploaded , 2018-03-28 02:45:17\r\n
FIFF-KIKR-7687-KGVI-ERNP-2471-JO , uploaded , 2018-03-28 02:45:17\r\n
FIIB-BHOY-9261-KCOR-CSMI-1984-RV , uploaded , 2018-03-28 02:45:18\r\n
FNFR-NIKX-6798-VSYC-RRLS-6143-LL , uploaded , 2018-03-28 02:45:18\r\n
FPPC-PKMH-2894-PRIH-UCII-6432-QR , uploaded , 2018-03-28 02:45:19\r\n
FPTC-ETAC-2316-KOSQ-COZI-6238-CS , uploaded , 2018-03-28 02:45:19\r\n
FROJ-DLXS-6877-AMZJ-XOGD-7849-NP , uploaded , 2018-03-28 02:45:20\r\n
FRVD-MZBX-9897-HZBE-ORHO-8464-XJ , uploaded , 2018-03-28 02:45:20\r\n
FSGD-LXVV-9977-DVYT-IDED-1831-TX , uploaded , 2018-03-28 02:45:21\r\n
FVAV-UTIU-4267-YXGK-CJKC-4189-EY , uploaded , 2018-03-28 02:45:21\r\n
FVOT-FKLN-7233-YSET-AHGX-9241-RR , uploaded , 2018-03-28 02:45:22\r\n
FVQH-HBXA-6311-XTFQ-ZLVF-6912-UY , uploaded , 2018-03-28 02:45:22\r\n
FVSO-QSUI-2729-BQTO-MJCY-8471-GG , uploaded , 2018-03-28 02:45:23\r\n
FXVF-AHAY-6342-LKAE-IKFN-1839-UD , uploaded , 2018-03-28 02:45:24\r\n
FYCK-HEGQ-9423-DZKZ-ZUFX-3421-TL , uploaded , 2018-03-28 02:45:24\r\n
FYJM-KLZU-2726-OETJ-NZFY-4186-AO , uploaded , 2018-03-28 02:45:25\r\n
FYVE-OZXD-3812-IQDU-VHXB-1246-VI , uploaded , 2018-03-28 02:45:25\r\n
FZGI-CHLK-8269-FGNU-KKTD-7188-ES , uploaded , 2018-03-28 02:45:26\r\n
GBYN-XYLL-1269-CVQT-ABNM-8224-ZX , uploaded , 2018-03-28 02:45:26\r\n
GCSS-AYRC-4937-QHCV-PFUB-2894-SE , uploaded , 2018-03-28 02:45:27\r\n
GEVI-FZTP-1793-SMEK-CPJN-4636-DE , uploaded , 2018-03-28 02:45:27\r\n
GGED-XGYQ-6849-QOGM-DKCX-4789-AE , uploaded , 2018-03-28 02:45:28\r\n
GGIE-SOXO-7468-HNPG-FYGH-2894-KU , uploaded , 2018-03-28 02:45:28\r\n
GGOF-GRID-8634-VZNP-XTJP-9893-YR , uploaded , 2018-03-28 02:45:29\r\n
GHCO-KTPI-6781-TUEN-LQCA-8993-JX , uploaded , 2018-03-28 02:45:29\r\n
GJKE-FMVO-4316-VPCI-CLMV-9687-AS , uploaded , 2018-03-28 02:45:30\r\n
GKCM-XZOR-8493-GGYM-CYZR-3692-TK , uploaded , 2018-03-28 02:45:30\r\n
GKYS-HALG-6777-JBKX-ACAI-9621-HR , uploaded , 2018-03-28 02:45:31\r\n
GLID-ZKSD-7611-YQAJ-MDYR-7782-UG , uploaded , 2018-03-28 02:45:31\r\n
GMIN-UQCD-3832-OJEZ-BERS-1746-QF , uploaded , 2018-03-28 02:45:32\r\n
EMGA-TCND-7699-PYSY-FEYS-3262-KY , uploaded , 2018-03-28 02:47:39\r\n
ENDA-EOJS-3973-YLGI-SIVJ-9693-AR , uploaded , 2018-03-28 02:47:39\r\n
ENSN-JHVV-2671-NXJO-KHDS-7291-AC , uploaded , 2018-03-28 02:47:40\r\n
ENSV-SNKC-2467-RKMU-PMLO-7612-GR , uploaded , 2018-03-28 02:47:40\r\n
EPHK-BMXM-1176-FJZA-GUKR-8736-UH , uploaded , 2018-03-28 02:47:41\r\n
EQPV-JFBY-8211-MGRA-YEOD-1717-CY , uploaded , 2018-03-28 02:47:41\r\n
ESBP-VSBX-8216-IEOM-MZTM-7372-MP , uploaded , 2018-03-28 02:47:42\r\n
ESHG-VOPV-6788-UNZL-GFJI-7878-XA , uploaded , 2018-03-28 02:47:43\r\n
ESXR-VNEU-8187-GUOZ-LURM-3993-HZ , uploaded , 2018-03-28 02:47:43\r\n
ETLO-XORA-1963-KVXV-OZRR-7136-SZ , uploaded , 2018-03-28 02:47:44\r\n
ETMF-LUDQ-9838-SOIQ-EZZK-9332-QY , uploaded , 2018-03-28 02:47:44\r\n
EVQE-PNVJ-6291-TGTO-EZTC-1142-IS , uploaded , 2018-03-28 02:47:45\r\n
EXUL-KFIM-7217-DNGD-TRRB-7123-BV , uploaded , 2018-03-28 02:47:45\r\n
EYFB-JXJJ-7743-DQZZ-KSQE-8481-PD , uploaded , 2018-03-28 02:47:46\r\n
EYZD-IIUL-8664-VLXP-DSFP-4619-BL , uploaded , 2018-03-28 02:47:46\r\n
FENP-MGKA-8266-TCHF-TUJT-2217-FE , uploaded , 2018-03-28 02:47:47\r\n
FEPE-GLNI-8622-DMPG-CKHT-1614-OT , uploaded , 2018-03-28 02:47:47\r\n
FFBH-YQHI-8717-HXRB-STYM-2777-DC , uploaded , 2018-03-28 02:47:48\r\n
FFFP-XBTJ-2473-UMEH-IPSH-1317-TS , uploaded , 2018-03-28 02:47:48\r\n
FFMK-SZHF-6127-PNVJ-VNCH-6467-VD , uploaded , 2018-03-28 02:47:49\r\n
FGUQ-PLGE-6329-UBXF-FNDT-8938-SY , uploaded , 2018-03-28 02:47:50\r\n
FIFF-KIKR-7687-KGVI-ERNP-2471-JO , uploaded , 2018-03-28 02:47:50\r\n
FIIB-BHOY-9261-KCOR-CSMI-1984-RV , uploaded , 2018-03-28 02:47:51\r\n
FNFR-NIKX-6798-VSYC-RRLS-6143-LL , uploaded , 2018-03-28 02:47:51\r\n
FPPC-PKMH-2894-PRIH-UCII-6432-QR , uploaded , 2018-03-28 02:47:52\r\n
FPTC-ETAC-2316-KOSQ-COZI-6238-CS , uploaded , 2018-03-28 02:47:52\r\n
FROJ-DLXS-6877-AMZJ-XOGD-7849-NP , uploaded , 2018-03-28 02:47:53\r\n
FRVD-MZBX-9897-HZBE-ORHO-8464-XJ , uploaded , 2018-03-28 02:47:53\r\n
FSGD-LXVV-9977-DVYT-IDED-1831-TX , uploaded , 2018-03-28 02:47:54\r\n
FVAV-UTIU-4267-YXGK-CJKC-4189-EY , uploaded , 2018-03-28 02:47:54\r\n
FVOT-FKLN-7233-YSET-AHGX-9241-RR , uploaded , 2018-03-28 02:47:55\r\n
FVQH-HBXA-6311-XTFQ-ZLVF-6912-UY , uploaded , 2018-03-28 02:47:55\r\n
FVSO-QSUI-2729-BQTO-MJCY-8471-GG , uploaded , 2018-03-28 02:47:56\r\n
FXVF-AHAY-6342-LKAE-IKFN-1839-UD , uploaded , 2018-03-28 02:47:56\r\n
FYCK-HEGQ-9423-DZKZ-ZUFX-3421-TL , uploaded , 2018-03-28 02:47:57\r\n
FYJM-KLZU-2726-OETJ-NZFY-4186-AO , uploaded , 2018-03-28 02:47:57\r\n
FYVE-OZXD-3812-IQDU-VHXB-1246-VI , uploaded , 2018-03-28 02:47:58\r\n
FZGI-CHLK-8269-FGNU-KKTD-7188-ES , uploaded , 2018-03-28 02:47:58\r\n
GBYN-XYLL-1269-CVQT-ABNM-8224-ZX , uploaded , 2018-03-28 02:47:59\r\n
GCSS-AYRC-4937-QHCV-PFUB-2894-SE , uploaded , 2018-03-28 02:47:59\r\n
GEVI-FZTP-1793-SMEK-CPJN-4636-DE , uploaded , 2018-03-28 02:48:00\r\n
GGED-XGYQ-6849-QOGM-DKCX-4789-AE , uploaded , 2018-03-28 02:48:00\r\n
GGIE-SOXO-7468-HNPG-FYGH-2894-KU , uploaded , 2018-03-28 02:48:01\r\n
GGOF-GRID-8634-VZNP-XTJP-9893-YR , uploaded , 2018-03-28 02:48:01\r\n
GHCO-KTPI-6781-TUEN-LQCA-8993-JX , uploaded , 2018-03-28 02:48:02\r\n
GJKE-FMVO-4316-VPCI-CLMV-9687-AS , uploaded , 2018-03-28 02:48:03\r\n
GKCM-XZOR-8493-GGYM-CYZR-3692-TK , uploaded , 2018-03-28 02:48:03\r\n
GKYS-HALG-6777-JBKX-ACAI-9621-HR , uploaded , 2018-03-28 02:48:04\r\n
GLID-ZKSD-7611-YQAJ-MDYR-7782-UG , uploaded , 2018-03-28 02:48:04\r\n
GMIN-UQCD-3832-OJEZ-BERS-1746-QF , uploaded , 2018-03-28 02:48:05\r\n
EMGA-TCND-7699-PYSY-FEYS-3262-KY , uploaded , 2018-03-28 02:48:49\r\n
ENDA-EOJS-3973-YLGI-SIVJ-9693-AR , uploaded , 2018-03-28 02:48:49\r\n
EMGA-TCND-7699-PYSY-FEYS-3262-KY , uploaded , 2018-03-28 02:50:06\r\n
ENDA-EOJS-3973-YLGI-SIVJ-9693-AR , uploaded , 2018-03-28 02:50:06\r\n
EMGA-TCND-7699-PYSY-FEYS-3262-KY , uploaded , 2018-03-28 02:55:06\r\n
ENDA-EOJS-3973-YLGI-SIVJ-9693-AR , uploaded , 2018-03-28 02:55:07\r\n
