CFEF-ZNLP-1963-PYEY-TBGH-3373-SD , uploaded , 2018-04-05 05:16:08\r\n
KKEQ-AOYF-3387-TJAJ-SLZK-4641-UU , uploaded , 2018-04-05 05:16:09\r\n
ZUYY-XIZM-3761-JFPP-DYQH-4819-SY , uploaded , 2018-04-05 05:16:09\r\n
CFEF-ZNLP-1963-PYEY-TBGH-3373-SD , uploaded , 2018-04-05 05:16:32\r\n
KKEQ-AOYF-3387-TJAJ-SLZK-4641-UU , uploaded , 2018-04-05 05:16:33\r\n
ZUYY-XIZM-3761-JFPP-DYQH-4819-SY , uploaded , 2018-04-05 05:16:33\r\n
CFEF-ZNLP-1963-PYEY-TBGH-3373-SD , uploaded , 2018-04-05 05:18:13\r\n
KKEQ-AOYF-3387-TJAJ-SLZK-4641-UU , uploaded , 2018-04-05 05:18:14\r\n
ZUYY-XIZM-3761-JFPP-DYQH-4819-SY , uploaded , 2018-04-05 05:18:14\r\n
CFEF-ZNLP-1963-PYEY-TBGH-3373-SD , uploaded , 2018-04-05 05:20:30\r\n
KKEQ-AOYF-3387-TJAJ-SLZK-4641-UU , uploaded , 2018-04-05 05:20:31\r\n
ZUYY-XIZM-3761-JFPP-DYQH-4819-SY , uploaded , 2018-04-05 05:20:31\r\n
CFEF-ZNLP-1963-PYEY-TBGH-3373-SD , uploaded , 2018-04-05 05:20:58\r\n
KKEQ-AOYF-3387-TJAJ-SLZK-4641-UU , uploaded , 2018-04-05 05:20:59\r\n
ZUYY-XIZM-3761-JFPP-DYQH-4819-SY , uploaded , 2018-04-05 05:20:59\r\n
CFEF-ZNLP-1963-PYEY-TBGH-3373-SD , uploaded , 2018-04-05 05:21:28\r\n
KKEQ-AOYF-3387-TJAJ-SLZK-4641-UU , uploaded , 2018-04-05 05:21:29\r\n
ZUYY-XIZM-3761-JFPP-DYQH-4819-SY , uploaded , 2018-04-05 05:21:29\r\n
CFEF-ZNLP-1963-PYEY-TBGH-3373-SD , uploaded , 2018-04-05 05:22:17\r\n
KKEQ-AOYF-3387-TJAJ-SLZK-4641-UU , uploaded , 2018-04-05 05:22:18\r\n
ZUYY-XIZM-3761-JFPP-DYQH-4819-SY , uploaded , 2018-04-05 05:22:18\r\n
CFEF-ZNLP-1963-PYEY-TBGH-3373-SD , uploaded , 2018-04-05 05:22:42\r\n
KKEQ-AOYF-3387-TJAJ-SLZK-4641-UU , uploaded , 2018-04-05 05:22:43\r\n
ZUYY-XIZM-3761-JFPP-DYQH-4819-SY , uploaded , 2018-04-05 05:22:43\r\n
CFEF-ZNLP-1963-PYEY-TBGH-3373-SD , uploaded , 2018-04-05 05:23:23\r\n
KKEQ-AOYF-3387-TJAJ-SLZK-4641-UU , uploaded , 2018-04-05 05:23:24\r\n
ZUYY-XIZM-3761-JFPP-DYQH-4819-SY , uploaded , 2018-04-05 05:23:25\r\n
CFEF-ZNLP-1963-PYEY-TBGH-3373-SD , uploaded , 2018-04-05 05:23:40\r\n
KKEQ-AOYF-3387-TJAJ-SLZK-4641-UU , uploaded , 2018-04-05 05:23:40\r\n
ZUYY-XIZM-3761-JFPP-DYQH-4819-SY , uploaded , 2018-04-05 05:23:41\r\n
CFEF-ZNLP-1963-PYEY-TBGH-3373-SD , uploaded , 2018-04-05 05:24:18\r\n
KKEQ-AOYF-3387-TJAJ-SLZK-4641-UU , uploaded , 2018-04-05 05:24:19\r\n
ZUYY-XIZM-3761-JFPP-DYQH-4819-SY , uploaded , 2018-04-05 05:24:19\r\n
CFEF-ZNLP-1963-PYEY-TBGH-3373-SD , uploaded , 2018-04-05 05:25:22\r\n
KKEQ-AOYF-3387-TJAJ-SLZK-4641-UU , uploaded , 2018-04-05 05:25:24\r\n
ZUYY-XIZM-3761-JFPP-DYQH-4819-SY , uploaded , 2018-04-05 05:25:26\r\n
ADZV-FMGU-7166-BDCY-JUOK-9982-CF , uploaded , 2018-04-05 05:28:14\r\n
KFNT-JVQP-4261-OTJY-DIDN-9183-GS , uploaded , 2018-04-05 05:28:17\r\n
TNLD-MXOQ-3774-CSJQ-HFEO-9679-BN , uploaded , 2018-04-05 05:28:19\r\n
